<?xml version="1.0" encoding="UTF-8"?>
<!-- Generated by org.testng.reporters.JUnitReportReporter -->
<testsuite hostname="DESKTOP-S3L67R4" failures="0" tests="1" name="lab_11.DemoqaButtonsTest" time="0.179" errors="0" timestamp="2025-04-14T23:00:04 EEST" skipped="0">
  <testcase classname="lab_11.DemoqaButtonsTest" name="testClickButtons" time="0.179"/>
</testsuite> <!-- lab_11.DemoqaButtonsTest -->
