<?xml version="1.0" encoding="UTF-8"?>
<!-- Generated by org.testng.reporters.JUnitReportReporter -->
<testsuite hostname="DESKTOP-S3L67R4" failures="0" tests="1" name="lab_10.DemoqaButtonsTest" time="3.806" errors="0" timestamp="2025-04-14T23:00:04 EEST" skipped="0">
  <testcase classname="lab_10.DemoqaButtonsTest" name="testClickButtons" time="3.806"/>
</testsuite> <!-- lab_10.DemoqaButtonsTest -->
